<?xml version="1.0" encoding="UTF-8"?>
<!-- Generated by org.testng.reporters.JUnitXMLReporter -->
<testsuite ignored="0" hostname="DESKTOP-DB456GE" failures="1" tests="7" name="Test" time="0.134" errors="0" timestamp="2021-05-10T02:49:35 GMT-05:00">
  <testcase classname="testng_programs.My_Test" name="demo" time="0.019"/>
  <testcase classname="testng_programs.My_Test" name="dummy" time="0.006">
    <skipped/>
  </testcase> <!-- dummy -->
  <testcase classname="testng_programs.My_Test" name="dummy" time="0.003">
    <skipped/>
  </testcase> <!-- dummy -->
  <testcase classname="testng_programs.My_Test" name="dummy" time="0.003">
    <skipped/>
  </testcase> <!-- dummy -->
  <testcase classname="testng_programs.My_Test" name="dummy" time="0.002">
    <skipped/>
  </testcase> <!-- dummy -->
  <testcase classname="testng_programs.My_Test" name="dummy" time="0.003">
    <skipped/>
  </testcase> <!-- dummy -->
  <testcase classname="testng_programs.My_Test" name="dummy" time="0.002">
    <failure type="java.lang.AssertionError" message="expected [strac@123] but found [kailash@123]">
      <![CDATA[java.lang.AssertionError: expected [strac@123] but found [kailash@123]
at testng_programs.My_Test.dummy(My_Test.java:19)
at java.base/java.util.ArrayList.forEach(ArrayList.java:1511)
... Removed 33 stack frames]]>
    </failure>
  </testcase> <!-- dummy -->
</testsuite> <!-- Test -->
